[2026-02-11T12:39:43.212Z] API /projects - Start request
[2026-02-11T12:39:43.271Z] API /projects - Start request
[2026-02-11T12:41:08.712Z] API /projects - Start request
[2026-02-11T12:41:08.716Z] API /projects - Headers retrieved
[2026-02-11T12:41:08.957Z] API /projects - Session retrieved: stublic.jurica@gmail.com
[2026-02-11T12:41:09.056Z] API /projects - Start request
[2026-02-11T12:41:09.057Z] API /projects - Headers retrieved
[2026-02-11T12:41:09.126Z] API /projects - Session retrieved: stublic.jurica@gmail.com
[2026-02-11T12:43:54.322Z] API /projects - Start request
[2026-02-11T12:43:54.328Z] API /projects - Headers retrieved
[2026-02-11T12:43:54.565Z] API /projects - Session retrieved: stublic.jurica@gmail.com
[2026-02-11T12:43:54.567Z] API /projects - Querying projects for user vv3Cm0Rx38s6NZT8QoFlmWDZcu3kSb4m
[2026-02-11T12:43:54.606Z] API /projects - Query succesful. Found 1 projects.
[2026-02-11T12:43:54.624Z] API /projects - Start request
[2026-02-11T12:43:54.626Z] API /projects - Headers retrieved
[2026-02-11T12:43:54.699Z] API /projects - Session retrieved: stublic.jurica@gmail.com
[2026-02-11T12:43:54.699Z] API /projects - Querying projects for user vv3Cm0Rx38s6NZT8QoFlmWDZcu3kSb4m
[2026-02-11T12:43:54.727Z] API /projects - Query succesful. Found 1 projects.
[2026-02-11T12:43:59.041Z] API /projects - Start request
[2026-02-11T12:43:59.044Z] API /projects - Headers retrieved
[2026-02-11T12:43:59.140Z] API /projects - Session retrieved: stublic.jurica@gmail.com
[2026-02-11T12:43:59.142Z] API /projects - Querying projects for user vv3Cm0Rx38s6NZT8QoFlmWDZcu3kSb4m
[2026-02-11T12:43:59.174Z] API /projects - Query succesful. Found 1 projects.
[2026-02-11T12:43:59.191Z] API /projects - Start request
[2026-02-11T12:43:59.193Z] API /projects - Headers retrieved
[2026-02-11T12:43:59.250Z] API /projects - Session retrieved: stublic.jurica@gmail.com
[2026-02-11T12:43:59.250Z] API /projects - Querying projects for user vv3Cm0Rx38s6NZT8QoFlmWDZcu3kSb4m
[2026-02-11T12:43:59.278Z] API /projects - Query succesful. Found 1 projects.
[2026-02-11T12:45:09.696Z] API /projects - Start request
[2026-02-11T12:45:09.698Z] API /projects - Headers retrieved
[2026-02-11T12:45:09.953Z] API /projects - Session retrieved: stublic.jurica@gmail.com
[2026-02-11T12:45:09.955Z] API /projects - Querying projects for user vv3Cm0Rx38s6NZT8QoFlmWDZcu3kSb4m
[2026-02-11T12:45:09.985Z] API /projects - Query succesful. Found 1 projects.
[2026-02-11T12:45:10.007Z] API /projects - Start request
[2026-02-11T12:45:10.008Z] API /projects - Headers retrieved
[2026-02-11T12:45:10.067Z] API /projects - Session retrieved: stublic.jurica@gmail.com
[2026-02-11T12:45:10.067Z] API /projects - Querying projects for user vv3Cm0Rx38s6NZT8QoFlmWDZcu3kSb4m
[2026-02-11T12:45:10.095Z] API /projects - Query succesful. Found 1 projects.
[2026-02-11T12:45:17.358Z] API /projects - Start request
[2026-02-11T12:45:17.362Z] API /projects - Headers retrieved
[2026-02-11T12:45:17.423Z] API /projects - Session retrieved: stublic.jurica@gmail.com
[2026-02-11T12:45:17.424Z] API /projects - Querying projects for user vv3Cm0Rx38s6NZT8QoFlmWDZcu3kSb4m
[2026-02-11T12:45:17.455Z] API /projects - Query succesful. Found 1 projects.
[2026-02-11T12:45:17.466Z] API /projects - Start request
[2026-02-11T12:45:17.467Z] API /projects - Headers retrieved
[2026-02-11T12:45:17.523Z] API /projects - Session retrieved: stublic.jurica@gmail.com
[2026-02-11T12:45:17.524Z] API /projects - Querying projects for user vv3Cm0Rx38s6NZT8QoFlmWDZcu3kSb4m
[2026-02-11T12:45:17.552Z] API /projects - Query succesful. Found 1 projects.
[2026-02-11T12:45:19.055Z] API /projects - Start request
[2026-02-11T12:45:19.057Z] API /projects - Headers retrieved
[2026-02-11T12:45:19.119Z] API /projects - Session retrieved: stublic.jurica@gmail.com
[2026-02-11T12:45:19.121Z] API /projects - Querying projects for user vv3Cm0Rx38s6NZT8QoFlmWDZcu3kSb4m
[2026-02-11T12:45:19.150Z] API /projects - Query succesful. Found 1 projects.
[2026-02-11T12:45:19.169Z] API /projects - Start request
[2026-02-11T12:45:19.170Z] API /projects - Headers retrieved
[2026-02-11T12:45:19.299Z] API /projects - Session retrieved: stublic.jurica@gmail.com
[2026-02-11T12:45:19.300Z] API /projects - Querying projects for user vv3Cm0Rx38s6NZT8QoFlmWDZcu3kSb4m
[2026-02-11T12:45:19.330Z] API /projects - Query succesful. Found 1 projects.
[2026-02-11T12:45:36.068Z] API /projects - Start request
[2026-02-11T12:45:36.070Z] API /projects - Headers retrieved
[2026-02-11T12:45:36.130Z] API /projects - Session retrieved: stublic.jurica@gmail.com
[2026-02-11T12:45:36.131Z] API /projects - Querying projects for user vv3Cm0Rx38s6NZT8QoFlmWDZcu3kSb4m
[2026-02-11T12:45:36.159Z] API /projects - Query succesful. Found 1 projects.
[2026-02-11T12:45:36.166Z] API /projects - Start request
[2026-02-11T12:45:36.167Z] API /projects - Headers retrieved
[2026-02-11T12:45:36.224Z] API /projects - Session retrieved: stublic.jurica@gmail.com
[2026-02-11T12:45:36.225Z] API /projects - Querying projects for user vv3Cm0Rx38s6NZT8QoFlmWDZcu3kSb4m
[2026-02-11T12:45:36.253Z] API /projects - Query succesful. Found 1 projects.
[2026-02-11T12:53:54.095Z] API /projects - Start request
[2026-02-11T12:53:54.097Z] API /projects - Headers retrieved
[2026-02-11T12:53:54.175Z] API /projects - Session retrieved: stublic.jurica@gmail.com
[2026-02-11T12:53:54.176Z] API /projects - Querying projects for user vv3Cm0Rx38s6NZT8QoFlmWDZcu3kSb4m
[2026-02-11T12:53:54.223Z] API /projects - Query succesful. Found 10 projects.
[2026-02-11T12:53:54.232Z] API /projects - Start request
[2026-02-11T12:53:54.234Z] API /projects - Headers retrieved
[2026-02-11T12:53:54.289Z] API /projects - Session retrieved: stublic.jurica@gmail.com
[2026-02-11T12:53:54.289Z] API /projects - Querying projects for user vv3Cm0Rx38s6NZT8QoFlmWDZcu3kSb4m
[2026-02-11T12:53:54.316Z] API /projects - Query succesful. Found 10 projects.
[2026-02-11T12:54:27.708Z] API /projects - Start request
[2026-02-11T12:54:27.710Z] API /projects - Headers retrieved
[2026-02-11T12:54:27.770Z] API /projects - Session retrieved: stublic.jurica@gmail.com
[2026-02-11T12:54:27.771Z] API /projects - Querying projects for user vv3Cm0Rx38s6NZT8QoFlmWDZcu3kSb4m
[2026-02-11T12:54:27.802Z] API /projects - Query succesful. Found 10 projects.
[2026-02-11T12:54:27.818Z] API /projects - Start request
[2026-02-11T12:54:27.819Z] API /projects - Headers retrieved
[2026-02-11T12:54:27.879Z] API /projects - Session retrieved: stublic.jurica@gmail.com
[2026-02-11T12:54:27.880Z] API /projects - Querying projects for user vv3Cm0Rx38s6NZT8QoFlmWDZcu3kSb4m
[2026-02-11T12:54:27.911Z] API /projects - Query succesful. Found 10 projects.
[2026-02-11T12:55:12.085Z] API /projects - Start request
[2026-02-11T12:55:12.088Z] API /projects - Headers retrieved
[2026-02-11T12:55:12.150Z] API /projects - Session retrieved: stublic.jurica@gmail.com
[2026-02-11T12:55:12.151Z] API /projects - Querying projects for user vv3Cm0Rx38s6NZT8QoFlmWDZcu3kSb4m
[2026-02-11T12:55:12.265Z] API /projects - Query succesful. Found 10 projects.
[2026-02-11T12:55:12.283Z] API /projects - Start request
[2026-02-11T12:55:12.283Z] API /projects - Headers retrieved
[2026-02-11T12:55:12.341Z] API /projects - Session retrieved: stublic.jurica@gmail.com
[2026-02-11T12:55:12.341Z] API /projects - Querying projects for user vv3Cm0Rx38s6NZT8QoFlmWDZcu3kSb4m
[2026-02-11T12:55:12.370Z] API /projects - Query succesful. Found 10 projects.
[2026-02-11T13:10:50.709Z] API /projects - Start request
[2026-02-11T13:10:50.711Z] API /projects - Headers retrieved
[2026-02-11T13:10:50.779Z] API /projects - Session retrieved: stublic.jurica@gmail.com
[2026-02-11T13:10:50.781Z] API /projects - Querying projects for user vv3Cm0Rx38s6NZT8QoFlmWDZcu3kSb4m
[2026-02-11T13:10:50.822Z] API /projects - Query succesful. Found 10 projects.
[2026-02-11T13:10:50.835Z] API /projects - Start request
[2026-02-11T13:10:50.836Z] API /projects - Headers retrieved
[2026-02-11T13:10:50.909Z] API /projects - Session retrieved: stublic.jurica@gmail.com
[2026-02-11T13:10:50.912Z] API /projects - Querying projects for user vv3Cm0Rx38s6NZT8QoFlmWDZcu3kSb4m
[2026-02-11T13:10:50.944Z] API /projects - Query succesful. Found 10 projects.
[2026-02-11T13:11:06.237Z] API /projects - Start request
[2026-02-11T13:11:06.239Z] API /projects - Headers retrieved
[2026-02-11T13:11:06.400Z] API /projects - Session retrieved: stublic.jurica@gmail.com
[2026-02-11T13:11:06.402Z] API /projects - Querying projects for user vv3Cm0Rx38s6NZT8QoFlmWDZcu3kSb4m
[2026-02-11T13:11:06.447Z] API /projects - Query succesful. Found 10 projects.
[2026-02-11T13:11:06.457Z] API /projects - Start request
[2026-02-11T13:11:06.458Z] API /projects - Headers retrieved
[2026-02-11T13:11:06.524Z] API /projects - Session retrieved: stublic.jurica@gmail.com
[2026-02-11T13:11:06.525Z] API /projects - Querying projects for user vv3Cm0Rx38s6NZT8QoFlmWDZcu3kSb4m
[2026-02-11T13:11:06.558Z] API /projects - Query succesful. Found 10 projects.
[2026-02-11T13:16:25.513Z] API /projects - Start request
[2026-02-11T13:16:25.514Z] API /projects - Headers retrieved
[2026-02-11T13:16:25.574Z] API /projects - Session retrieved: stublic.jurica@gmail.com
[2026-02-11T13:16:25.575Z] API /projects - Querying projects for user vv3Cm0Rx38s6NZT8QoFlmWDZcu3kSb4m
[2026-02-11T13:16:25.679Z] API /projects - Query succesful. Found 10 projects.
[2026-02-11T13:16:25.697Z] API /projects - Start request
[2026-02-11T13:16:25.699Z] API /projects - Headers retrieved
[2026-02-11T13:16:25.756Z] API /projects - Session retrieved: stublic.jurica@gmail.com
[2026-02-11T13:16:25.756Z] API /projects - Querying projects for user vv3Cm0Rx38s6NZT8QoFlmWDZcu3kSb4m
[2026-02-11T13:16:25.785Z] API /projects - Query succesful. Found 10 projects.
[2026-02-11T13:45:50.682Z] API /projects - Start request
[2026-02-11T13:45:50.692Z] API /projects - Headers retrieved
[2026-02-11T13:45:50.795Z] API /projects - Session retrieved: stublic.jurica@gmail.com
[2026-02-11T13:45:50.797Z] API /projects - Querying projects for user vv3Cm0Rx38s6NZT8QoFlmWDZcu3kSb4m
[2026-02-11T13:45:50.861Z] API /projects - Query succesful. Found 10 projects.
[2026-02-11T13:45:50.881Z] API /projects - Start request
[2026-02-11T13:45:50.883Z] API /projects - Headers retrieved
[2026-02-11T13:45:50.941Z] API /projects - Session retrieved: stublic.jurica@gmail.com
[2026-02-11T13:45:50.941Z] API /projects - Querying projects for user vv3Cm0Rx38s6NZT8QoFlmWDZcu3kSb4m
[2026-02-11T13:45:50.970Z] API /projects - Query succesful. Found 10 projects.
[2026-02-11T14:13:49.497Z] API /projects - Start request
[2026-02-11T14:13:49.500Z] API /projects - Headers retrieved
[2026-02-11T14:13:49.568Z] API /projects - Session retrieved: stublic.jurica@gmail.com
[2026-02-11T14:13:49.570Z] API /projects - Querying projects for user vv3Cm0Rx38s6NZT8QoFlmWDZcu3kSb4m
[2026-02-11T14:13:49.653Z] API /projects - Query succesful. Found 10 projects.
[2026-02-11T14:13:49.674Z] API /projects - Start request
[2026-02-11T14:13:49.676Z] API /projects - Headers retrieved
[2026-02-11T14:13:49.737Z] API /projects - Session retrieved: stublic.jurica@gmail.com
[2026-02-11T14:13:49.738Z] API /projects - Querying projects for user vv3Cm0Rx38s6NZT8QoFlmWDZcu3kSb4m
[2026-02-11T14:13:49.766Z] API /projects - Query succesful. Found 10 projects.
[2026-02-11T14:22:43.082Z] API /projects - Start request
[2026-02-11T14:22:43.086Z] API /projects - Headers retrieved
[2026-02-11T14:22:43.200Z] API /projects - Session retrieved: stublic.jurica@gmail.com
[2026-02-11T14:22:43.203Z] API /projects - Querying projects for user vv3Cm0Rx38s6NZT8QoFlmWDZcu3kSb4m
[2026-02-11T14:22:43.265Z] API /projects - Query succesful. Found 10 projects.
[2026-02-11T14:22:43.294Z] API /projects - Start request
[2026-02-11T14:22:43.296Z] API /projects - Headers retrieved
[2026-02-11T14:22:43.351Z] API /projects - Session retrieved: stublic.jurica@gmail.com
[2026-02-11T14:22:43.351Z] API /projects - Querying projects for user vv3Cm0Rx38s6NZT8QoFlmWDZcu3kSb4m
[2026-02-11T14:22:43.382Z] API /projects - Query succesful. Found 10 projects.
[2026-02-11T14:23:30.675Z] API /projects - Start request
[2026-02-11T14:23:30.676Z] API /projects - Headers retrieved
[2026-02-11T14:23:30.733Z] API /projects - Session retrieved: stublic.jurica@gmail.com
[2026-02-11T14:23:30.735Z] API /projects - Querying projects for user vv3Cm0Rx38s6NZT8QoFlmWDZcu3kSb4m
[2026-02-11T14:23:30.879Z] API /projects - Query succesful. Found 10 projects.
[2026-02-11T14:23:30.901Z] API /projects - Start request
[2026-02-11T14:23:30.902Z] API /projects - Headers retrieved
[2026-02-11T14:23:30.960Z] API /projects - Session retrieved: stublic.jurica@gmail.com
[2026-02-11T14:23:30.961Z] API /projects - Querying projects for user vv3Cm0Rx38s6NZT8QoFlmWDZcu3kSb4m
[2026-02-11T14:23:30.995Z] API /projects - Query succesful. Found 10 projects.
[2026-02-11T14:31:53.345Z] API /projects - Start request
[2026-02-11T14:31:53.347Z] API /projects - Headers retrieved
[2026-02-11T14:31:53.407Z] API /projects - Session retrieved: stublic.jurica@gmail.com
[2026-02-11T14:31:53.408Z] API /projects - Querying projects for user vv3Cm0Rx38s6NZT8QoFlmWDZcu3kSb4m
[2026-02-11T14:31:53.469Z] API /projects - Query succesful. Found 10 projects.
[2026-02-11T14:31:53.498Z] API /projects - Start request
[2026-02-11T14:31:53.500Z] API /projects - Headers retrieved
[2026-02-11T14:31:53.623Z] API /projects - Session retrieved: stublic.jurica@gmail.com
[2026-02-11T14:31:53.625Z] API /projects - Querying projects for user vv3Cm0Rx38s6NZT8QoFlmWDZcu3kSb4m
[2026-02-11T14:31:53.657Z] API /projects - Query succesful. Found 10 projects.
[2026-02-11T14:32:03.947Z] API /projects - Start request
[2026-02-11T14:32:03.949Z] API /projects - Headers retrieved
[2026-02-11T14:32:04.013Z] API /projects - Session retrieved: stublic.jurica@gmail.com
[2026-02-11T14:32:04.015Z] API /projects - Querying projects for user vv3Cm0Rx38s6NZT8QoFlmWDZcu3kSb4m
[2026-02-11T14:32:04.162Z] API /projects - Query succesful. Found 10 projects.
[2026-02-11T14:32:04.185Z] API /projects - Start request
[2026-02-11T14:32:04.187Z] API /projects - Headers retrieved
[2026-02-11T14:32:04.245Z] API /projects - Session retrieved: stublic.jurica@gmail.com
[2026-02-11T14:32:04.246Z] API /projects - Querying projects for user vv3Cm0Rx38s6NZT8QoFlmWDZcu3kSb4m
[2026-02-11T14:32:04.276Z] API /projects - Query succesful. Found 10 projects.
[2026-02-11T14:32:11.463Z] API /projects - Start request
[2026-02-11T14:32:11.465Z] API /projects - Headers retrieved
[2026-02-11T14:32:11.534Z] API /projects - Session retrieved: stublic.jurica@gmail.com
[2026-02-11T14:32:11.536Z] API /projects - Querying projects for user vv3Cm0Rx38s6NZT8QoFlmWDZcu3kSb4m
[2026-02-11T14:32:11.596Z] API /projects - Query succesful. Found 10 projects.
[2026-02-11T14:32:11.613Z] API /projects - Start request
[2026-02-11T14:32:11.614Z] API /projects - Headers retrieved
[2026-02-11T14:32:11.673Z] API /projects - Session retrieved: stublic.jurica@gmail.com
[2026-02-11T14:32:11.674Z] API /projects - Querying projects for user vv3Cm0Rx38s6NZT8QoFlmWDZcu3kSb4m
[2026-02-11T14:32:11.706Z] API /projects - Query succesful. Found 10 projects.
[2026-02-11T14:32:30.690Z] API /projects - Start request
[2026-02-11T14:32:30.693Z] API /projects - Headers retrieved
[2026-02-11T14:32:30.965Z] API /projects - Session retrieved: stublic.jurica@gmail.com
[2026-02-11T14:32:30.966Z] API /projects - Querying projects for user vv3Cm0Rx38s6NZT8QoFlmWDZcu3kSb4m
[2026-02-11T14:32:31.019Z] API /projects - Query succesful. Found 10 projects.
[2026-02-11T14:32:31.040Z] API /projects - Start request
[2026-02-11T14:32:31.062Z] API /projects - Headers retrieved
[2026-02-11T14:32:31.117Z] API /projects - Session retrieved: stublic.jurica@gmail.com
[2026-02-11T14:32:31.117Z] API /projects - Querying projects for user vv3Cm0Rx38s6NZT8QoFlmWDZcu3kSb4m
[2026-02-11T14:32:31.145Z] API /projects - Query succesful. Found 10 projects.
[2026-02-11T14:32:35.456Z] API /projects - Start request
[2026-02-11T14:32:35.457Z] API /projects - Headers retrieved
[2026-02-11T14:32:35.596Z] API /projects - Session retrieved: stublic.jurica@gmail.com
[2026-02-11T14:32:35.598Z] API /projects - Querying projects for user vv3Cm0Rx38s6NZT8QoFlmWDZcu3kSb4m
[2026-02-11T14:32:35.657Z] API /projects - Query succesful. Found 10 projects.
[2026-02-11T14:32:35.682Z] API /projects - Start request
[2026-02-11T14:32:35.683Z] API /projects - Headers retrieved
[2026-02-11T14:32:35.739Z] API /projects - Session retrieved: stublic.jurica@gmail.com
[2026-02-11T14:32:35.740Z] API /projects - Querying projects for user vv3Cm0Rx38s6NZT8QoFlmWDZcu3kSb4m
[2026-02-11T14:32:35.769Z] API /projects - Query succesful. Found 10 projects.
[2026-02-11T14:32:38.226Z] API /projects - Start request
[2026-02-11T14:32:38.227Z] API /projects - Headers retrieved
[2026-02-11T14:32:38.289Z] API /projects - Session retrieved: stublic.jurica@gmail.com
[2026-02-11T14:32:38.291Z] API /projects - Querying projects for user vv3Cm0Rx38s6NZT8QoFlmWDZcu3kSb4m
[2026-02-11T14:32:38.350Z] API /projects - Query succesful. Found 10 projects.
[2026-02-11T14:32:38.369Z] API /projects - Start request
[2026-02-11T14:32:38.370Z] API /projects - Headers retrieved
[2026-02-11T14:32:38.427Z] API /projects - Session retrieved: stublic.jurica@gmail.com
[2026-02-11T14:32:38.428Z] API /projects - Querying projects for user vv3Cm0Rx38s6NZT8QoFlmWDZcu3kSb4m
[2026-02-11T14:32:38.457Z] API /projects - Query succesful. Found 10 projects.
[2026-02-11T14:32:54.782Z] API /projects - Start request
[2026-02-11T14:32:54.784Z] API /projects - Headers retrieved
[2026-02-11T14:32:54.856Z] API /projects - Session retrieved: stublic.jurica@gmail.com
[2026-02-11T14:32:54.858Z] API /projects - Querying projects for user vv3Cm0Rx38s6NZT8QoFlmWDZcu3kSb4m
[2026-02-11T14:32:54.994Z] API /projects - Query succesful. Found 10 projects.
[2026-02-11T14:32:55.018Z] API /projects - Start request
[2026-02-11T14:32:55.019Z] API /projects - Headers retrieved
[2026-02-11T14:32:55.076Z] API /projects - Session retrieved: stublic.jurica@gmail.com
[2026-02-11T14:32:55.076Z] API /projects - Querying projects for user vv3Cm0Rx38s6NZT8QoFlmWDZcu3kSb4m
[2026-02-11T14:32:55.106Z] API /projects - Query succesful. Found 10 projects.
[2026-02-11T15:01:43.566Z] API /projects - Start request
[2026-02-11T15:01:43.568Z] API /projects - Headers retrieved
[2026-02-11T15:01:43.632Z] API /projects - Session retrieved: stublic.jurica@gmail.com
[2026-02-11T15:01:43.633Z] API /projects - Querying projects for user vv3Cm0Rx38s6NZT8QoFlmWDZcu3kSb4m
[2026-02-11T15:01:43.703Z] API /projects - Query succesful. Found 10 projects.
[2026-02-11T15:01:43.721Z] API /projects - Start request
[2026-02-11T15:01:43.723Z] API /projects - Headers retrieved
[2026-02-11T15:01:43.784Z] API /projects - Session retrieved: stublic.jurica@gmail.com
[2026-02-11T15:01:43.784Z] API /projects - Querying projects for user vv3Cm0Rx38s6NZT8QoFlmWDZcu3kSb4m
[2026-02-11T15:01:43.815Z] API /projects - Query succesful. Found 10 projects.
[2026-02-11T15:01:49.077Z] API /projects - Start request
[2026-02-11T15:01:49.079Z] API /projects - Headers retrieved
[2026-02-11T15:01:49.229Z] API /projects - Session retrieved: stublic.jurica@gmail.com
[2026-02-11T15:01:49.230Z] API /projects - Querying projects for user vv3Cm0Rx38s6NZT8QoFlmWDZcu3kSb4m
[2026-02-11T15:01:49.289Z] API /projects - Query succesful. Found 10 projects.
[2026-02-11T15:01:49.302Z] API /projects - Start request
[2026-02-11T15:01:49.304Z] API /projects - Headers retrieved
[2026-02-11T15:01:49.364Z] API /projects - Session retrieved: stublic.jurica@gmail.com
[2026-02-11T15:01:49.365Z] API /projects - Querying projects for user vv3Cm0Rx38s6NZT8QoFlmWDZcu3kSb4m
[2026-02-11T15:01:49.398Z] API /projects - Query succesful. Found 10 projects.
[2026-02-11T15:01:59.794Z] API /projects - Start request
[2026-02-11T15:01:59.796Z] API /projects - Headers retrieved
[2026-02-11T15:01:59.859Z] API /projects - Session retrieved: stublic.jurica@gmail.com
[2026-02-11T15:01:59.860Z] API /projects - Querying projects for user vv3Cm0Rx38s6NZT8QoFlmWDZcu3kSb4m
[2026-02-11T15:01:59.921Z] API /projects - Query succesful. Found 10 projects.
[2026-02-11T15:01:59.950Z] API /projects - Start request
[2026-02-11T15:01:59.951Z] API /projects - Headers retrieved
[2026-02-11T15:02:00.007Z] API /projects - Session retrieved: stublic.jurica@gmail.com
[2026-02-11T15:02:00.008Z] API /projects - Querying projects for user vv3Cm0Rx38s6NZT8QoFlmWDZcu3kSb4m
[2026-02-11T15:02:00.039Z] API /projects - Query succesful. Found 10 projects.
[2026-02-11T15:02:12.620Z] API /projects - Start request
[2026-02-11T15:02:12.621Z] API /projects - Headers retrieved
[2026-02-11T15:02:12.675Z] API /projects - Session retrieved: stublic.jurica@gmail.com
[2026-02-11T15:02:12.676Z] API /projects - Querying projects for user vv3Cm0Rx38s6NZT8QoFlmWDZcu3kSb4m
[2026-02-11T15:02:12.731Z] API /projects - Query succesful. Found 10 projects.
[2026-02-11T15:02:12.737Z] API /projects - Start request
[2026-02-11T15:02:12.738Z] API /projects - Headers retrieved
[2026-02-11T15:02:12.870Z] API /projects - Session retrieved: stublic.jurica@gmail.com
[2026-02-11T15:02:12.871Z] API /projects - Querying projects for user vv3Cm0Rx38s6NZT8QoFlmWDZcu3kSb4m
[2026-02-11T15:02:12.900Z] API /projects - Query succesful. Found 10 projects.
[2026-02-11T20:26:58.600Z] API /projects - Start request
[2026-02-11T20:26:58.601Z] API /projects - Headers retrieved
[2026-02-11T20:26:58.861Z] API /projects - Session retrieved: stublic.jurica@gmail.com
[2026-02-11T20:26:58.866Z] API /projects - Querying projects for user vv3Cm0Rx38s6NZT8QoFlmWDZcu3kSb4m
[2026-02-11T20:26:59.040Z] API /projects - Query succesful. Found 10 projects.
[2026-02-11T20:26:59.064Z] API /projects - Start request
[2026-02-11T20:26:59.066Z] API /projects - Headers retrieved
[2026-02-11T20:26:59.142Z] API /projects - Session retrieved: stublic.jurica@gmail.com
[2026-02-11T20:26:59.142Z] API /projects - Querying projects for user vv3Cm0Rx38s6NZT8QoFlmWDZcu3kSb4m
[2026-02-11T20:26:59.183Z] API /projects - Query succesful. Found 10 projects.
[2026-02-11T20:32:54.815Z] API /projects - Start request
[2026-02-11T20:32:54.818Z] API /projects - Headers retrieved
[2026-02-11T20:32:54.893Z] API /projects - Session retrieved: stublic.jurica@gmail.com
[2026-02-11T20:32:54.894Z] API /projects - Querying projects for user vv3Cm0Rx38s6NZT8QoFlmWDZcu3kSb4m
[2026-02-11T20:32:55.059Z] API /projects - Query succesful. Found 10 projects.
[2026-02-11T20:32:55.084Z] API /projects - Start request
[2026-02-11T20:32:55.085Z] API /projects - Headers retrieved
[2026-02-11T20:32:55.161Z] API /projects - Session retrieved: stublic.jurica@gmail.com
[2026-02-11T20:32:55.162Z] API /projects - Querying projects for user vv3Cm0Rx38s6NZT8QoFlmWDZcu3kSb4m
[2026-02-11T20:32:55.204Z] API /projects - Query succesful. Found 10 projects.
[2026-02-11T20:36:06.883Z] API /projects - Start request
[2026-02-11T20:36:06.885Z] API /projects - Headers retrieved
[2026-02-11T20:36:06.965Z] API /projects - Session retrieved: stublic.jurica@gmail.com
[2026-02-11T20:36:06.967Z] API /projects - Querying projects for user vv3Cm0Rx38s6NZT8QoFlmWDZcu3kSb4m
[2026-02-11T20:36:07.044Z] API /projects - Query succesful. Found 10 projects.
[2026-02-11T20:36:07.065Z] API /projects - Start request
[2026-02-11T20:36:07.067Z] API /projects - Headers retrieved
[2026-02-11T20:36:07.143Z] API /projects - Session retrieved: stublic.jurica@gmail.com
[2026-02-11T20:36:07.144Z] API /projects - Querying projects for user vv3Cm0Rx38s6NZT8QoFlmWDZcu3kSb4m
[2026-02-11T20:36:07.187Z] API /projects - Query succesful. Found 10 projects.
[2026-02-11T20:36:18.331Z] API /projects - Start request
[2026-02-11T20:36:18.336Z] API /projects - Headers retrieved
[2026-02-11T20:36:18.504Z] API /projects - Session retrieved: stublic.jurica@gmail.com
[2026-02-11T20:36:18.505Z] API /projects - Querying projects for user vv3Cm0Rx38s6NZT8QoFlmWDZcu3kSb4m
[2026-02-11T20:36:18.600Z] API /projects - Query succesful. Found 10 projects.
[2026-02-11T20:36:18.619Z] API /projects - Start request
[2026-02-11T20:36:18.621Z] API /projects - Headers retrieved
[2026-02-11T20:36:18.702Z] API /projects - Session retrieved: stublic.jurica@gmail.com
[2026-02-11T20:36:18.704Z] API /projects - Querying projects for user vv3Cm0Rx38s6NZT8QoFlmWDZcu3kSb4m
[2026-02-11T20:36:18.746Z] API /projects - Query succesful. Found 10 projects.
[2026-02-12T09:32:46.288Z] API /projects - Start request
[2026-02-12T09:32:46.290Z] API /projects - Headers retrieved
[2026-02-12T09:32:46.365Z] API /projects - Session retrieved: stublic.jurica@gmail.com
[2026-02-12T09:32:46.365Z] API /projects - Querying projects for user vv3Cm0Rx38s6NZT8QoFlmWDZcu3kSb4m
[2026-02-12T09:32:46.463Z] API /projects - Query succesful. Found 10 projects.
[2026-02-12T09:32:46.485Z] API /projects - Start request
[2026-02-12T09:32:46.486Z] API /projects - Headers retrieved
[2026-02-12T09:32:46.644Z] API /projects - Session retrieved: stublic.jurica@gmail.com
[2026-02-12T09:32:46.646Z] API /projects - Querying projects for user vv3Cm0Rx38s6NZT8QoFlmWDZcu3kSb4m
[2026-02-12T09:32:46.719Z] API /projects - Query succesful. Found 10 projects.
[2026-02-12T09:34:18.430Z] API /projects - Start request
[2026-02-12T09:34:18.433Z] API /projects - Headers retrieved
[2026-02-12T09:34:18.509Z] API /projects - Session retrieved: stublic.jurica@gmail.com
[2026-02-12T09:34:18.511Z] API /projects - Querying projects for user vv3Cm0Rx38s6NZT8QoFlmWDZcu3kSb4m
[2026-02-12T09:34:18.588Z] API /projects - Query succesful. Found 10 projects.
[2026-02-12T09:34:18.621Z] API /projects - Start request
[2026-02-12T09:34:18.622Z] API /projects - Headers retrieved
[2026-02-12T09:34:18.699Z] API /projects - Session retrieved: stublic.jurica@gmail.com
[2026-02-12T09:34:18.700Z] API /projects - Querying projects for user vv3Cm0Rx38s6NZT8QoFlmWDZcu3kSb4m
[2026-02-12T09:34:18.741Z] API /projects - Query succesful. Found 10 projects.
[2026-02-12T11:58:23.502Z] API /projects - Start request
[2026-02-12T11:58:23.554Z] API /projects - Headers retrieved
[2026-02-12T11:58:24.483Z] API /projects - Session retrieved: stublic.jurica@gmail.com
[2026-02-12T11:58:24.497Z] API /projects - Querying projects for user vv3Cm0Rx38s6NZT8QoFlmWDZcu3kSb4m
[2026-02-12T11:58:24.942Z] API /projects - Query succesful. Found 10 projects.
[2026-02-12T11:58:25.508Z] API /projects - Start request
[2026-02-12T11:58:25.520Z] API /projects - Headers retrieved
[2026-02-12T11:58:25.700Z] API /projects - Session retrieved: stublic.jurica@gmail.com
[2026-02-12T11:58:25.721Z] API /projects - Querying projects for user vv3Cm0Rx38s6NZT8QoFlmWDZcu3kSb4m
[2026-02-12T11:58:25.932Z] API /projects - Query succesful. Found 10 projects.
[2026-02-12T12:33:15.623Z] API /projects - Start request
[2026-02-12T12:33:15.624Z] API /projects - Headers retrieved
[2026-02-12T12:33:15.740Z] API /projects - Session retrieved: stublic.jurica@gmail.com
[2026-02-12T12:33:15.741Z] API /projects - Querying projects for user vv3Cm0Rx38s6NZT8QoFlmWDZcu3kSb4m
[2026-02-12T12:33:16.183Z] API /projects - Query succesful. Found 10 projects.
[2026-02-12T12:33:16.198Z] API /projects - Start request
[2026-02-12T12:33:16.200Z] API /projects - Headers retrieved
[2026-02-12T12:33:16.301Z] API /projects - Session retrieved: stublic.jurica@gmail.com
[2026-02-12T12:33:16.301Z] API /projects - Querying projects for user vv3Cm0Rx38s6NZT8QoFlmWDZcu3kSb4m
[2026-02-12T12:33:16.493Z] API /projects - Query succesful. Found 10 projects.
[2026-02-12T12:40:32.306Z] API /projects - Start request
[2026-02-12T12:40:32.307Z] API /projects - Headers retrieved
[2026-02-12T12:40:32.603Z] API /projects - Session retrieved: stublic.jurica@gmail.com
[2026-02-12T12:40:32.605Z] API /projects - Querying projects for user vv3Cm0Rx38s6NZT8QoFlmWDZcu3kSb4m
[2026-02-12T12:40:32.804Z] API /projects - Query succesful. Found 10 projects.
[2026-02-12T12:40:32.828Z] API /projects - Start request
[2026-02-12T12:40:32.829Z] API /projects - Headers retrieved
[2026-02-12T12:40:32.942Z] API /projects - Session retrieved: stublic.jurica@gmail.com
[2026-02-12T12:40:32.942Z] API /projects - Querying projects for user vv3Cm0Rx38s6NZT8QoFlmWDZcu3kSb4m
[2026-02-12T12:40:33.010Z] API /projects - Query succesful. Found 10 projects.
[2026-02-12T22:08:07.449Z] API /projects - Start request
[2026-02-12T22:08:07.450Z] API /projects - Headers retrieved
[2026-02-12T22:08:07.523Z] API /projects - Session retrieved: stublic.jurica@gmail.com
[2026-02-12T22:08:07.524Z] API /projects - Querying projects for user vv3Cm0Rx38s6NZT8QoFlmWDZcu3kSb4m
[2026-02-12T22:08:07.676Z] API /projects - Query succesful. Found 10 projects.
[2026-02-12T22:08:07.733Z] API /projects - Start request
[2026-02-12T22:08:07.734Z] API /projects - Headers retrieved
[2026-02-12T22:08:07.808Z] API /projects - Session retrieved: stublic.jurica@gmail.com
[2026-02-12T22:08:07.809Z] API /projects - Querying projects for user vv3Cm0Rx38s6NZT8QoFlmWDZcu3kSb4m
[2026-02-12T22:08:07.920Z] API /projects - Query succesful. Found 10 projects.
